  lab2.cpp
  String.cpp
D:\STUD\Proga\Sexs\lab5\String.cpp(19,19): warning C4566: символ, представленный универсальным именем символа "\u00C0", невозможно представить в текущей кодовой странице (1251)
D:\STUD\Proga\Sexs\lab5\String.cpp(19,19): warning C4566: символ, представленный универсальным именем символа "\u00CE", невозможно представить в текущей кодовой странице (1251)
D:\STUD\Proga\Sexs\lab5\String.cpp(19,19): warning C4566: символ, представленный универсальным именем символа "\u00C8", невозможно представить в текущей кодовой странице (1251)
D:\STUD\Proga\Sexs\lab5\String.cpp(19,19): warning C4566: символ, представленный универсальным именем символа "\u00D3", невозможно представить в текущей кодовой странице (1251)
D:\STUD\Proga\Sexs\lab5\String.cpp(19,19): warning C4566: символ, представленный универсальным именем символа "\u00C5", невозможно представить в текущей кодовой странице (1251)
D:\STUD\Proga\Sexs\lab5\String.cpp(19,19): warning C4566: символ, представленный универсальным именем символа "\u00DE", невозможно представить в текущей кодовой странице (1251)
D:\STUD\Proga\Sexs\lab5\String.cpp(19,19): warning C4566: символ, представленный универсальным именем символа "\u00DF", невозможно представить в текущей кодовой странице (1251)
D:\STUD\Proga\Sexs\lab5\String.cpp(19,19): warning C4566: символ, представленный универсальным именем символа "\u00AA", невозможно представить в текущей кодовой странице (1251)
D:\STUD\Proga\Sexs\lab5\String.cpp(19,19): warning C4566: символ, представленный универсальным именем символа "\u00AF", невозможно представить в текущей кодовой странице (1251)
D:\STUD\Proga\Sexs\lab5\String.cpp(19,19): warning C4566: символ, представленный универсальным именем символа "\u00BF", невозможно представить в текущей кодовой странице (1251)
D:\STUD\Proga\Sexs\lab5\String.cpp(19,19): warning C4566: символ, представленный универсальным именем символа "\u00BA", невозможно представить в текущей кодовой странице (1251)
D:\STUD\Proga\Sexs\lab5\String.cpp(19,19): warning C4566: символ, представленный универсальным именем символа "\u00FE", невозможно представить в текущей кодовой странице (1251)
D:\STUD\Proga\Sexs\lab5\String.cpp(19,19): warning C4566: символ, представленный универсальным именем символа "\u00FF", невозможно представить в текущей кодовой странице (1251)
D:\STUD\Proga\Sexs\lab5\String.cpp(19,19): warning C4566: символ, представленный универсальным именем символа "\u00EE", невозможно представить в текущей кодовой странице (1251)
D:\STUD\Proga\Sexs\lab5\String.cpp(19,19): warning C4566: символ, представленный универсальным именем символа "\u00E0", невозможно представить в текущей кодовой странице (1251)
D:\STUD\Proga\Sexs\lab5\String.cpp(19,19): warning C4566: символ, представленный универсальным именем символа "\u00E5", невозможно представить в текущей кодовой странице (1251)
D:\STUD\Proga\Sexs\lab5\String.cpp(19,19): warning C4566: символ, представленный универсальным именем символа "\u00F3", невозможно представить в текущей кодовой странице (1251)
D:\STUD\Proga\Sexs\lab5\String.cpp(19,19): warning C4566: символ, представленный универсальным именем символа "\u00E8", невозможно представить в текущей кодовой странице (1251)
D:\STUD\Proga\Sexs\lab5\String.cpp(20,20): warning C4018: <: несоответствие типов со знаком и без знака
D:\STUD\Proga\Sexs\lab5\String.cpp(22,21): warning C4018: <: несоответствие типов со знаком и без знака
D:\STUD\Proga\Sexs\lab5\String.cpp(32,20): warning C4018: <: несоответствие типов со знаком и без знака
D:\STUD\Proga\Sexs\lab5\String.cpp(37,15): error C2039: "Get": не является членом "String".
D:\STUD\Proga\Sexs\lab5\String.h(8): message : см. объявление "String"
D:\STUD\Proga\Sexs\lab5\String.cpp(39,9): error C2065: line: необъявленный идентификатор
  Text.cpp
D:\STUD\Proga\Sexs\lab5\Text.cpp(10,20): warning C4018: <: несоответствие типов со знаком и без знака
D:\STUD\Proga\Sexs\lab5\Text.cpp(19,20): warning C4018: <: несоответствие типов со знаком и без знака
D:\STUD\Proga\Sexs\lab5\Text.cpp(39,20): warning C4018: <: несоответствие типов со знаком и без знака
  Создание кода...
